#
# There is insufficient memory for the Java Runtime Environment to continue.
# Native memory allocation (mmap) failed to map 134217728 bytes for Failed to commit area from 0x0000000081c00000 to 0x0000000089c00000 of length 134217728.
# Possible reasons:
#   The system is out of physical RAM or swap space
#   The process is running with CompressedOops enabled, and the Java Heap may be blocking the growth of the native heap
# Possible solutions:
#   Reduce memory load on the system
#   Increase physical memory or swap space
#   Check if swap backing store is full
#   Decrease Java heap size (-Xmx/-Xms)
#   Decrease number of Java threads
#   Decrease Java thread stack sizes (-Xss)
#   Set larger code cache with -XX:ReservedCodeCacheSize=
# This output file may be truncated or incomplete.
#
#  Out of Memory Error (./src/hotspot/os/windows/os_windows.cpp:3303), pid=368, tid=1772
#
# JRE version:  (11.0.8+10) (build )
# Java VM: OpenJDK 64-Bit Server VM (11.0.8+10-LTS, mixed mode, sharing, tiered, compressed oops, g1 gc, windows-amd64)
# No core dump will be written. Minidumps are not enabled by default on client versions of Windows
#

---------------  S U M M A R Y ------------

Command Line: -Dfile.encoding=Cp1252 --module-path=C:\mysql-connector-java-8.0.22\mysql-connector-java-8.0.22.jar application.Application

Host: Intel(R) Core(TM) i7-6600U CPU @ 2.60GHz, 4 cores, 7G,  Windows 10 , 64 bit Build 19041 (10.0.19041.662)
Time: Sat Jan 23 23:42:21 2021 US Mountain Standard Time elapsed time: 0 seconds (0d 0h 0m 0s)

---------------  T H R E A D  ---------------

Current thread (0x000001e93bfc5000):  JavaThread "Unknown thread" [_thread_in_vm, id=1772, stack(0x000000def9100000,0x000000def9200000)]

Stack: [0x000000def9100000,0x000000def9200000]
Native frames: (J=compiled Java code, j=interpreted, Vv=VM code, C=native code)
V  [jvm.dll+0x5dfc8a]
V  [jvm.dll+0x7179be]
V  [jvm.dll+0x71908f]
V  [jvm.dll+0x719753]
V  [jvm.dll+0x240e48]
V  [jvm.dll+0x5dcefa]
V  [jvm.dll+0x5d1b65]
V  [jvm.dll+0x2f650c]
V  [jvm.dll+0x2f6392]
V  [jvm.dll+0x2fb046]
V  [jvm.dll+0x33f06f]
V  [jvm.dll+0x33eaa0]
V  [jvm.dll+0x2d38d8]
V  [jvm.dll+0x2d4a26]
V  [jvm.dll+0x6f36b7]
V  [jvm.dll+0x6f4e3f]
V  [jvm.dll+0x34bdf9]
V  [jvm.dll+0x6d6ac0]
V  [jvm.dll+0x3b332f]
V  [jvm.dll+0x3b55e1]
C  [jli.dll+0x520b]
C  [ucrtbase.dll+0x214c2]
C  [KERNEL32.DLL+0x17034]
C  [ntdll.dll+0x4d0d1]


---------------  P R O C E S S  ---------------

Threads class SMR info:
_java_thread_list=0x000001e93a5be8e0, length=0, elements={
}

Java Threads: ( => current thread )

Other Threads:
  0x000001e93bfde800 GCTaskThread "GC Thread#0" [stack: 0x000000def9200000,0x000000def9300000] [id=6176]
  0x000001e93c011800 ConcurrentGCThread "G1 Main Marker" [stack: 0x000000def9300000,0x000000def9400000] [id=4260]
  0x000001e93c012800 ConcurrentGCThread "G1 Conc#0" [stack: 0x000000def9400000,0x000000def9500000] [id=7048]

[error occurred during error reporting (printing all threads), id 0xc0000005, EXCEPTION_ACCESS_VIOLATION (0xc0000005) at pc=0x00007ffdfe192f27]

VM state:not at safepoint (not fully initialized)

VM Mutex/Monitor currently owned by a thread:  ([mutex/lock_event])
[0x000001e93bfc0b30] Heap_lock - owner thread: 0x000001e93bfc5000

Heap address: 0x0000000081c00000, size: 2020 MB, Compressed Oops mode: Non-zero based: 0x0000000081c00000
Narrow klass base: 0x0000000000000000, Narrow klass shift: 0

GC Heap History (0 events):
No events

Deoptimization events (0 events):
No events

Classes redefined (0 events):
No events

Internal exceptions (0 events):
No events

Events (1 events):
Event: 0.018 Loaded shared library C:\Program Files\Amazon Corretto\jdk11.0.8_10\bin\zip.dll


Dynamic libraries:
0x00007ff607e50000 - 0x00007ff607e5d000 	C:\Program Files\Amazon Corretto\jdk11.0.8_10\bin\javaw.exe
0x00007ffe45370000 - 0x00007ffe45566000 	C:\WINDOWS\SYSTEM32\ntdll.dll
0x00007ffe45130000 - 0x00007ffe451ed000 	C:\WINDOWS\System32\KERNEL32.DLL
0x00007ffe42b60000 - 0x00007ffe42e29000 	C:\WINDOWS\System32\KERNELBASE.dll
0x00007ffe42f30000 - 0x00007ffe43030000 	C:\WINDOWS\System32\ucrtbase.dll
0x00007ffe2b7f0000 - 0x00007ffe2b807000 	C:\Program Files\Amazon Corretto\jdk11.0.8_10\bin\jli.dll
0x00007ffe44ed0000 - 0x00007ffe45070000 	C:\WINDOWS\System32\USER32.dll
0x00007ffe43190000 - 0x00007ffe431b2000 	C:\WINDOWS\System32\win32u.dll
0x00007ffe43470000 - 0x00007ffe4349a000 	C:\WINDOWS\System32\GDI32.dll
0x00007ffe43240000 - 0x00007ffe4334b000 	C:\WINDOWS\System32\gdi32full.dll
0x00007ffe302d0000 - 0x00007ffe302e5000 	C:\Program Files\Amazon Corretto\jdk11.0.8_10\bin\VCRUNTIME140.dll
0x00007ffe42e30000 - 0x00007ffe42ecd000 	C:\WINDOWS\System32\msvcp_win.dll
0x00007ffe1e8e0000 - 0x00007ffe1eb7b000 	C:\WINDOWS\WinSxS\amd64_microsoft.windows.common-controls_6595b64144ccf1df_6.0.19041.746_none_ca02b4b61b8320a4\COMCTL32.dll
0x00007ffe44910000 - 0x00007ffe449ae000 	C:\WINDOWS\System32\msvcrt.dll
0x00007ffe44110000 - 0x00007ffe44140000 	C:\WINDOWS\System32\IMM32.DLL
0x00007ffe0aa90000 - 0x00007ffe0ab2b000 	C:\Program Files\Amazon Corretto\jdk11.0.8_10\bin\msvcp140.dll
0x00007ffdfdeb0000 - 0x00007ffdfe96d000 	C:\Program Files\Amazon Corretto\jdk11.0.8_10\bin\server\jvm.dll
0x00007ffe43530000 - 0x00007ffe435dc000 	C:\WINDOWS\System32\ADVAPI32.dll
0x00007ffe433d0000 - 0x00007ffe4346c000 	C:\WINDOWS\System32\sechost.dll
0x00007ffe43720000 - 0x00007ffe4384b000 	C:\WINDOWS\System32\RPCRT4.dll
0x00007ffe44ec0000 - 0x00007ffe44ec8000 	C:\WINDOWS\System32\PSAPI.DLL
0x00007ffe37a20000 - 0x00007ffe37a29000 	C:\WINDOWS\SYSTEM32\WSOCK32.dll
0x00007ffe451f0000 - 0x00007ffe4525b000 	C:\WINDOWS\System32\WS2_32.dll
0x00007ffe393a0000 - 0x00007ffe393aa000 	C:\WINDOWS\SYSTEM32\VERSION.dll
0x00007ffe241d0000 - 0x00007ffe241f7000 	C:\WINDOWS\SYSTEM32\WINMM.dll
0x00007ffe413c0000 - 0x00007ffe413d2000 	C:\WINDOWS\SYSTEM32\kernel.appcore.dll
0x00007ffe36110000 - 0x00007ffe36120000 	C:\Program Files\Amazon Corretto\jdk11.0.8_10\bin\verify.dll
0x00007ffe409e0000 - 0x00007ffe40bc4000 	C:\WINDOWS\SYSTEM32\DBGHELP.DLL
0x00007ffe385f0000 - 0x00007ffe3861c000 	C:\WINDOWS\SYSTEM32\dbgcore.DLL
0x00007ffe431c0000 - 0x00007ffe43240000 	C:\WINDOWS\System32\bcryptPrimitives.dll
0x00007ffe1f4f0000 - 0x00007ffe1f518000 	C:\Program Files\Amazon Corretto\jdk11.0.8_10\bin\java.dll
0x00007ffe36060000 - 0x00007ffe3606a000 	C:\Program Files\Amazon Corretto\jdk11.0.8_10\bin\jimage.dll
0x00007ffe22ab0000 - 0x00007ffe22ac7000 	C:\Program Files\Amazon Corretto\jdk11.0.8_10\bin\zip.dll

dbghelp: loaded successfully - version: 4.0.5 - missing functions: none
symbol engine: initialized successfully - sym options: 0x614 - pdb path: .;C:\Program Files\Amazon Corretto\jdk11.0.8_10\bin;C:\WINDOWS\SYSTEM32;C:\WINDOWS\WinSxS\amd64_microsoft.windows.common-controls_6595b64144ccf1df_6.0.19041.746_none_ca02b4b61b8320a4;C:\Program Files\Amazon Corretto\jdk11.0.8_10\bin\server

VM Arguments:
jvm_args: -Dfile.encoding=Cp1252 --module-path=C:\mysql-connector-java-8.0.22\mysql-connector-java-8.0.22.jar 
java_command: application.Application
java_class_path (initial): C:\Users\admin\projects\mysql_week6
Launcher Type: SUN_STANDARD

[Global flags]
     intx CICompilerCount                          = 3                                         {product} {ergonomic}
     uint ConcGCThreads                            = 1                                         {product} {ergonomic}
     uint G1ConcRefinementThreads                  = 4                                         {product} {ergonomic}
   size_t G1HeapRegionSize                         = 1048576                                   {product} {ergonomic}
    uintx GCDrainStackTargetSize                   = 64                                        {product} {ergonomic}
   size_t InitialHeapSize                          = 134217728                                 {product} {ergonomic}
   size_t MarkStackSize                            = 4194304                                   {product} {ergonomic}
   size_t MaxHeapSize                              = 2118123520                                {product} {ergonomic}
   size_t MinHeapDeltaBytes                        = 1048576                                   {product} {ergonomic}
    uintx NonNMethodCodeHeapSize                   = 5830732                                {pd product} {ergonomic}
    uintx NonProfiledCodeHeapSize                  = 122913754                              {pd product} {ergonomic}
    uintx ProfiledCodeHeapSize                     = 122913754                              {pd product} {ergonomic}
    uintx ReservedCodeCacheSize                    = 251658240                              {pd product} {ergonomic}
     bool SegmentedCodeCache                       = true                                      {product} {ergonomic}
     bool UseCompressedClassPointers               = true                                 {lp64_product} {ergonomic}
     bool UseCompressedOops                        = true                                 {lp64_product} {ergonomic}
     bool UseG1GC                                  = true                                      {product} {ergonomic}
     bool UseLargePagesIndividualAllocation        = false                                  {pd product} {ergonomic}

Logging:
Log output configuration:
 #0: stdout all=warning uptime,level,tags
 #1: stderr all=off uptime,level,tags

Environment Variables:
JAVA_HOME=C:\Program Files\Amazon Corretto\jdk11.0.8_10
PATH=C:/Program Files/Amazon Corretto/jdk11.0.8_10/bin/server;C:/Program Files/Amazon Corretto/jdk11.0.8_10/bin;C:\Program Files\Amazon Corretto\jdk11.0.8_10\bin;C:\WINDOWS\system32;C:\WINDOWS;C:\WINDOWS\System32\Wbem;C:\WINDOWS\System32\WindowsPowerShell\v1.0\;C:\WINDOWS\System32\OpenSSH\;C:\Program Files\Git\cmd;C:\Program Files\MySQL\MySQL Server 8.0\bin;C:\Program Files\MySQL\MySQL Shell 8.0\bin\;C:\Users\admin\AppData\Local\Microsoft\WindowsApps;;C:\Users\admin\AppData\Local\Programs\Microsoft VS Code\bin;C:\WINDOWS\system32;
USERNAME=admin
OS=Windows_NT
PROCESSOR_IDENTIFIER=Intel64 Family 6 Model 78 Stepping 3, GenuineIntel



---------------  S Y S T E M  ---------------

OS: Windows 10 , 64 bit Build 19041 (10.0.19041.662)
OS uptime: 11 days 2:35 hours

CPU:total 4 (initial active 4) (2 cores per cpu, 2 threads per core) family 6 model 78 stepping 3, cmov, cx8, fxsr, mmx, sse, sse2, sse3, ssse3, sse4.1, sse4.2, popcnt, avx, avx2, aes, clmul, erms, rtm, 3dnowpref, lzcnt, ht, tsc, tscinvbit, bmi1, bmi2, adx, fma

Memory: 4k page, system-wide physical 8072M (2804M free)
TotalPageFile size 9977M (AvailPageFile size 12M)
current process WorkingSet (physical memory assigned to process): 9M, peak: 9M
current process commit charge ("private bytes"): 51M, peak: 179M

vm_info: OpenJDK 64-Bit Server VM (11.0.8+10-LTS) for windows-amd64 JRE (11.0.8+10-LTS), built on Jul 13 2020 00:42:50 by "Administrator" with MS VC++ 15.9 (VS2017)

END.
